# JRE version: OpenJDK Runtime Environment Corretto-21.0.5.11.1 (21.0.5+11) (build 21.0.5+11-LTS)
# Java VM: OpenJDK 64-Bit Server VM Corretto-21.0.5.11.1 (21.0.5+11-LTS, mixed mode, sharing, tiered, compressed oops, compressed class ptrs, g1 gc, windows-amd64)
GC Precious Log:
 CardTable entry size: 512
 Card Set container configuration: InlinePtr #cards 5 size 8 Array Of Cards #cards 12 size 40 Howl #buckets 4 coarsen threshold 1843 Howl Bitmap #cards 512 size 80 coarsen threshold 460 Card regions per heap region 1 cards per card region 2048
 CPUs: 4 total, 4 available
 Memory: 3790M
 Large Page Support: Disabled
 NUMA Support: Disabled
 Compressed Oops: Enabled (32-bit)
 Heap Region Size: 1M
 Heap Min Capacity: 8M
 Heap Initial Capacity: 60M
 Heap Max Capacity: 948M
 Pre-touch: Disabled
 Parallel Workers: 4
 Concurrent Workers: 1
 Concurrent Refinement Workers: 4
 Periodic GC: Disabled
Heap:
 garbage-first heap   total 70656K, used 50003K [0x00000000c4c00000, 0x0000000100000000)
  region size 1024K, 13 young (13312K), 2 survivors (2048K)
 Metaspace       used 59576K, committed 60352K, reserved 1114112K
  class space    used 7646K, committed 8000K, reserved 1048576K
GC Heap History (20 events):
Event: 11.240 GC heap before
{Heap before GC invocations=4 (full 0):
 garbage-first heap   total 61440K, used 40808K [0x00000000c4c00000, 0x0000000100000000)
  region size 1024K, 33 young (33792K), 5 survivors (5120K)
 Metaspace       used 21159K, committed 21504K, reserved 1114112K
  class space    used 2468K, committed 2624K, reserved 1048576K
}
Event: 11.249 GC heap after
{Heap after GC invocations=5 (full 0):
 garbage-first heap   total 61440K, used 16499K [0x00000000c4c00000, 0x0000000100000000)
  region size 1024K, 3 young (3072K), 3 survivors (3072K)
 Metaspace       used 21159K, committed 21504K, reserved 1114112K
  class space    used 2468K, committed 2624K, reserved 1048576K
}
Event: 12.065 GC heap before
{Heap before GC invocations=6 (full 0):
 garbage-first heap   total 58368K, used 45171K [0x00000000c4c00000, 0x0000000100000000)
  region size 1024K, 32 young (32768K), 3 survivors (3072K)
 Metaspace       used 25655K, committed 26048K, reserved 1114112K
  class space    used 3098K, committed 3264K, reserved 1048576K
}
Event: 12.077 GC heap after
{Heap after GC invocations=7 (full 0):
 garbage-first heap   total 58368K, used 19174K [0x00000000c4c00000, 0x0000000100000000)
  region size 1024K, 3 young (3072K), 3 survivors (3072K)
 Metaspace       used 25655K, committed 26048K, reserved 1114112K
  class space    used 3098K, committed 3264K, reserved 1048576K
}
Event: 12.745 GC heap before
{Heap before GC invocations=7 (full 0):
 garbage-first heap   total 58368K, used 45798K [0x00000000c4c00000, 0x0000000100000000)
  region size 1024K, 29 young (29696K), 3 survivors (3072K)
 Metaspace       used 30287K, committed 30784K, reserved 1114112K
  class space    used 3702K, committed 3904K, reserved 1048576K
}
Event: 12.755 GC heap after
{Heap after GC invocations=8 (full 0):
 garbage-first heap   total 58368K, used 21302K [0x00000000c4c00000, 0x0000000100000000)
  region size 1024K, 3 young (3072K), 3 survivors (3072K)
 Metaspace       used 30287K, committed 30784K, reserved 1114112K
  class space    used 3702K, committed 3904K, reserved 1048576K
}
Event: 13.230 GC heap before
{Heap before GC invocations=8 (full 0):
 garbage-first heap   total 58368K, used 46902K [0x00000000c4c00000, 0x0000000100000000)
  region size 1024K, 29 young (29696K), 3 survivors (3072K)
 Metaspace       used 32228K, committed 32768K, reserved 1114112K
  class space    used 3980K, committed 4224K, reserved 1048576K
}
Event: 13.236 GC heap after
{Heap after GC invocations=9 (full 0):
 garbage-first heap   total 58368K, used 22271K [0x00000000c4c00000, 0x0000000100000000)
  region size 1024K, 4 young (4096K), 4 survivors (4096K)
 Metaspace       used 32228K, committed 32768K, reserved 1114112K
  class space    used 3980K, committed 4224K, reserved 1048576K
}
Event: 13.602 GC heap before
{Heap before GC invocations=9 (full 0):
 garbage-first heap   total 58368K, used 34559K [0x00000000c4c00000, 0x0000000100000000)
  region size 1024K, 18 young (18432K), 4 survivors (4096K)
 Metaspace       used 35421K, committed 35968K, reserved 1114112K
  class space    used 4458K, committed 4736K, reserved 1048576K
}
Event: 13.609 GC heap after
{Heap after GC invocations=10 (full 0):
 garbage-first heap   total 70656K, used 23325K [0x00000000c4c00000, 0x0000000100000000)
  region size 1024K, 3 young (3072K), 3 survivors (3072K)
 Metaspace       used 35421K, committed 35968K, reserved 1114112K
  class space    used 4458K, committed 4736K, reserved 1048576K
}
Event: 14.458 GC heap before
{Heap before GC invocations=11 (full 0):
 garbage-first heap   total 70656K, used 59165K [0x00000000c4c00000, 0x0000000100000000)
  region size 1024K, 38 young (38912K), 3 survivors (3072K)
 Metaspace       used 40097K, committed 40704K, reserved 1114112K
  class space    used 5082K, committed 5376K, reserved 1048576K
}
Event: 14.472 GC heap after
{Heap after GC invocations=12 (full 0):
 garbage-first heap   total 70656K, used 29297K [0x00000000c4c00000, 0x0000000100000000)
  region size 1024K, 5 young (5120K), 5 survivors (5120K)
 Metaspace       used 40097K, committed 40704K, reserved 1114112K
  class space    used 5082K, committed 5376K, reserved 1048576K
}
Event: 15.442 GC heap before
{Heap before GC invocations=12 (full 0):
 garbage-first heap   total 70656K, used 58993K [0x00000000c4c00000, 0x0000000100000000)
  region size 1024K, 34 young (34816K), 5 survivors (5120K)
 Metaspace       used 44477K, committed 45056K, reserved 1114112K
  class space    used 5804K, committed 6080K, reserved 1048576K
}
Event: 15.452 GC heap after
{Heap after GC invocations=13 (full 0):
 garbage-first heap   total 70656K, used 32952K [0x00000000c4c00000, 0x0000000100000000)
  region size 1024K, 4 young (4096K), 4 survivors (4096K)
 Metaspace       used 44477K, committed 45056K, reserved 1114112K
  class space    used 5804K, committed 6080K, reserved 1048576K
}
Event: 16.235 GC heap before
{Heap before GC invocations=13 (full 0):
 garbage-first heap   total 70656K, used 59576K [0x00000000c4c00000, 0x0000000100000000)
  region size 1024K, 30 young (30720K), 4 survivors (4096K)
 Metaspace       used 49912K, committed 50624K, reserved 1114112K
  class space    used 6476K, committed 6784K, reserved 1048576K
}
Event: 16.242 GC heap after
{Heap after GC invocations=14 (full 0):
 garbage-first heap   total 70656K, used 37329K [0x00000000c4c00000, 0x0000000100000000)
  region size 1024K, 4 young (4096K), 4 survivors (4096K)
 Metaspace       used 49912K, committed 50624K, reserved 1114112K
  class space    used 6476K, committed 6784K, reserved 1048576K
}
Event: 31.741 GC heap before
{Heap before GC invocations=14 (full 0):
 garbage-first heap   total 70656K, used 59857K [0x00000000c4c00000, 0x0000000100000000)
  region size 1024K, 26 young (26624K), 4 survivors (4096K)
 Metaspace       used 54555K, committed 55360K, reserved 1114112K
  class space    used 7057K, committed 7424K, reserved 1048576K
}
Event: 31.774 GC heap after
{Heap after GC invocations=15 (full 0):
 garbage-first heap   total 70656K, used 39059K [0x00000000c4c00000, 0x0000000100000000)
  region size 1024K, 3 young (3072K), 3 survivors (3072K)
 Metaspace       used 54555K, committed 55360K, reserved 1114112K
  class space    used 7057K, committed 7424K, reserved 1048576K
}
Event: 146.295 GC heap before
{Heap before GC invocations=16 (full 0):
 garbage-first heap   total 70656K, used 59539K [0x00000000c4c00000, 0x0000000100000000)
  region size 1024K, 24 young (24576K), 3 survivors (3072K)
 Metaspace       used 58887K, committed 59712K, reserved 1114112K
  class space    used 7639K, committed 8000K, reserved 1048576K
}
Event: 146.565 GC heap after
{Heap after GC invocations=17 (full 0):
 garbage-first heap   total 70656K, used 40787K [0x00000000c4c00000, 0x0000000100000000)
  region size 1024K, 2 young (2048K), 2 survivors (2048K)
 Metaspace       used 58887K, committed 59712K, reserved 1114112K
  class space    used 7639K, committed 8000K, reserved 1048576K
}

