# JRE version: OpenJDK Runtime Environment Corretto-21.0.5.11.1 (21.0.5+11) (build 21.0.5+11-LTS)
# Java VM: OpenJDK 64-Bit Server VM Corretto-21.0.5.11.1 (21.0.5+11-LTS, mixed mode, sharing, tiered, compressed oops, compressed class ptrs, g1 gc, windows-amd64)
GC Precious Log:
 CardTable entry size: 512
 Card Set container configuration: InlinePtr #cards 5 size 8 Array Of Cards #cards 12 size 40 Howl #buckets 4 coarsen threshold 1843 Howl Bitmap #cards 512 size 80 coarsen threshold 460 Card regions per heap region 1 cards per card region 2048
 CPUs: 4 total, 4 available
 Memory: 3790M
 Large Page Support: Disabled
 NUMA Support: Disabled
 Compressed Oops: Enabled (32-bit)
 Heap Region Size: 1M
 Heap Min Capacity: 8M
 Heap Initial Capacity: 60M
 Heap Max Capacity: 948M
 Pre-touch: Disabled
 Parallel Workers: 4
 Concurrent Workers: 1
 Concurrent Refinement Workers: 4
 Periodic GC: Disabled
Heap:
 garbage-first heap   total 55296K, used 23064K [0x00000000c4c00000, 0x0000000100000000)
  region size 1024K, 9 young (9216K), 3 survivors (3072K)
 Metaspace       used 26353K, committed 26816K, reserved 1114112K
  class space    used 3231K, committed 3392K, reserved 1048576K
GC Heap History (12 events):
Event: 2.511 GC heap before
{Heap before GC invocations=0 (full 0):
 garbage-first heap   total 61440K, used 14336K [0x00000000c4c00000, 0x0000000100000000)
  region size 1024K, 13 young (13312K), 0 survivors (0K)
 Metaspace       used 2760K, committed 2944K, reserved 1114112K
  class space    used 236K, committed 320K, reserved 1048576K
}
Event: 2.527 GC heap after
{Heap after GC invocations=1 (full 0):
 garbage-first heap   total 61440K, used 6984K [0x00000000c4c00000, 0x0000000100000000)
  region size 1024K, 2 young (2048K), 2 survivors (2048K)
 Metaspace       used 2760K, committed 2944K, reserved 1114112K
  class space    used 236K, committed 320K, reserved 1048576K
}
Event: 4.760 GC heap before
{Heap before GC invocations=1 (full 0):
 garbage-first heap   total 61440K, used 18248K [0x00000000c4c00000, 0x0000000100000000)
  region size 1024K, 13 young (13312K), 2 survivors (2048K)
 Metaspace       used 6132K, committed 6336K, reserved 1114112K
  class space    used 657K, committed 768K, reserved 1048576K
}
Event: 4.766 GC heap after
{Heap after GC invocations=2 (full 0):
 garbage-first heap   total 61440K, used 8311K [0x00000000c4c00000, 0x0000000100000000)
  region size 1024K, 2 young (2048K), 2 survivors (2048K)
 Metaspace       used 6132K, committed 6336K, reserved 1114112K
  class space    used 657K, committed 768K, reserved 1048576K
}
Event: 6.401 GC heap before
{Heap before GC invocations=2 (full 0):
 garbage-first heap   total 61440K, used 31863K [0x00000000c4c00000, 0x0000000100000000)
  region size 1024K, 26 young (26624K), 2 survivors (2048K)
 Metaspace       used 12417K, committed 12672K, reserved 1114112K
  class space    used 1427K, committed 1536K, reserved 1048576K
}
Event: 6.408 GC heap after
{Heap after GC invocations=3 (full 0):
 garbage-first heap   total 61440K, used 10622K [0x00000000c4c00000, 0x0000000100000000)
  region size 1024K, 4 young (4096K), 4 survivors (4096K)
 Metaspace       used 12417K, committed 12672K, reserved 1114112K
  class space    used 1427K, committed 1536K, reserved 1048576K
}
Event: 7.742 GC heap before
{Heap before GC invocations=3 (full 0):
 garbage-first heap   total 61440K, used 39294K [0x00000000c4c00000, 0x0000000100000000)
  region size 1024K, 33 young (33792K), 4 survivors (4096K)
 Metaspace       used 18852K, committed 19200K, reserved 1114112K
  class space    used 2198K, committed 2368K, reserved 1048576K
}
Event: 7.827 GC heap after
{Heap after GC invocations=4 (full 0):
 garbage-first heap   total 61440K, used 13132K [0x00000000c4c00000, 0x0000000100000000)
  region size 1024K, 5 young (5120K), 5 survivors (5120K)
 Metaspace       used 18852K, committed 19200K, reserved 1114112K
  class space    used 2198K, committed 2368K, reserved 1048576K
}
Event: 12.591 GC heap before
{Heap before GC invocations=4 (full 0):
 garbage-first heap   total 61440K, used 39756K [0x00000000c4c00000, 0x0000000100000000)
  region size 1024K, 32 young (32768K), 5 survivors (5120K)
 Metaspace       used 21195K, committed 21504K, reserved 1114112K
  class space    used 2468K, committed 2624K, reserved 1048576K
}
Event: 12.612 GC heap after
{Heap after GC invocations=5 (full 0):
 garbage-first heap   total 61440K, used 15260K [0x00000000c4c00000, 0x0000000100000000)
  region size 1024K, 5 young (5120K), 5 survivors (5120K)
 Metaspace       used 21195K, committed 21504K, reserved 1114112K
  class space    used 2468K, committed 2624K, reserved 1048576K
}
Event: 25.222 GC heap before
{Heap before GC invocations=6 (full 0):
 garbage-first heap   total 55296K, used 41884K [0x00000000c4c00000, 0x0000000100000000)
  region size 1024K, 32 young (32768K), 5 survivors (5120K)
 Metaspace       used 25476K, committed 25984K, reserved 1114112K
  class space    used 3060K, committed 3264K, reserved 1048576K
}
Event: 25.276 GC heap after
{Heap after GC invocations=7 (full 0):
 garbage-first heap   total 55296K, used 17944K [0x00000000c4c00000, 0x0000000100000000)
  region size 1024K, 3 young (3072K), 3 survivors (3072K)
 Metaspace       used 25476K, committed 25984K, reserved 1114112K
  class space    used 3060K, committed 3264K, reserved 1048576K
}

