# JRE version: OpenJDK Runtime Environment Corretto-21.0.5.11.1 (21.0.5+11) (build 21.0.5+11-LTS)
# Java VM: OpenJDK 64-Bit Server VM Corretto-21.0.5.11.1 (21.0.5+11-LTS, mixed mode, sharing, tiered, compressed oops, compressed class ptrs, g1 gc, windows-amd64)
GC Precious Log:
 CardTable entry size: 512
 Card Set container configuration: InlinePtr #cards 5 size 8 Array Of Cards #cards 12 size 40 Howl #buckets 4 coarsen threshold 1843 Howl Bitmap #cards 512 size 80 coarsen threshold 460 Card regions per heap region 1 cards per card region 2048
 CPUs: 4 total, 4 available
 Memory: 3790M
 Large Page Support: Disabled
 NUMA Support: Disabled
 Compressed Oops: Enabled (32-bit)
 Heap Region Size: 1M
 Heap Min Capacity: 8M
 Heap Initial Capacity: 60M
 Heap Max Capacity: 948M
 Pre-touch: Disabled
 Parallel Workers: 4
 Concurrent Workers: 1
 Concurrent Refinement Workers: 4
 Periodic GC: Disabled
Heap:
 garbage-first heap   total 58368K, used 39393K [0x00000000c4c00000, 0x0000000100000000)
  region size 1024K, 14 young (14336K), 1 survivors (1024K)
 Metaspace       used 36860K, committed 37376K, reserved 1114112K
  class space    used 4681K, committed 4928K, reserved 1048576K
GC Heap History (20 events):
Event: 4.292 GC heap before
{Heap before GC invocations=0 (full 0):
 garbage-first heap   total 61440K, used 15360K [0x00000000c4c00000, 0x0000000100000000)
  region size 1024K, 13 young (13312K), 0 survivors (0K)
 Metaspace       used 1328K, committed 1472K, reserved 1114112K
  class space    used 91K, committed 192K, reserved 1048576K
}
Event: 4.299 GC heap after
{Heap after GC invocations=1 (full 0):
 garbage-first heap   total 61440K, used 10432K [0x00000000c4c00000, 0x0000000100000000)
  region size 1024K, 2 young (2048K), 2 survivors (2048K)
 Metaspace       used 1328K, committed 1472K, reserved 1114112K
  class space    used 91K, committed 192K, reserved 1048576K
}
Event: 6.210 GC heap before
{Heap before GC invocations=1 (full 0):
 garbage-first heap   total 61440K, used 18624K [0x00000000c4c00000, 0x0000000100000000)
  region size 1024K, 10 young (10240K), 2 survivors (2048K)
 Metaspace       used 4598K, committed 4864K, reserved 1114112K
  class space    used 465K, committed 576K, reserved 1048576K
}
Event: 6.215 GC heap after
{Heap after GC invocations=2 (full 0):
 garbage-first heap   total 61440K, used 11498K [0x00000000c4c00000, 0x0000000100000000)
  region size 1024K, 1 young (1024K), 1 survivors (1024K)
 Metaspace       used 4598K, committed 4864K, reserved 1114112K
  class space    used 465K, committed 576K, reserved 1048576K
}
Event: 8.368 GC heap before
{Heap before GC invocations=2 (full 0):
 garbage-first heap   total 61440K, used 30954K [0x00000000c4c00000, 0x0000000100000000)
  region size 1024K, 21 young (21504K), 1 survivors (1024K)
 Metaspace       used 10090K, committed 10368K, reserved 1114112K
  class space    used 1179K, committed 1344K, reserved 1048576K
}
Event: 8.376 GC heap after
{Heap after GC invocations=3 (full 0):
 garbage-first heap   total 61440K, used 13158K [0x00000000c4c00000, 0x0000000100000000)
  region size 1024K, 3 young (3072K), 3 survivors (3072K)
 Metaspace       used 10090K, committed 10368K, reserved 1114112K
  class space    used 1179K, committed 1344K, reserved 1048576K
}
Event: 18.048 GC heap before
{Heap before GC invocations=3 (full 0):
 garbage-first heap   total 61440K, used 40806K [0x00000000c4c00000, 0x0000000100000000)
  region size 1024K, 30 young (30720K), 3 survivors (3072K)
 Metaspace       used 17272K, committed 17600K, reserved 1114112K
  class space    used 2023K, committed 2176K, reserved 1048576K
}
Event: 18.060 GC heap after
{Heap after GC invocations=4 (full 0):
 garbage-first heap   total 61440K, used 15159K [0x00000000c4c00000, 0x0000000100000000)
  region size 1024K, 4 young (4096K), 4 survivors (4096K)
 Metaspace       used 17272K, committed 17600K, reserved 1114112K
  class space    used 2023K, committed 2176K, reserved 1048576K
}
Event: 18.615 GC heap before
{Heap before GC invocations=4 (full 0):
 garbage-first heap   total 61440K, used 30519K [0x00000000c4c00000, 0x0000000100000000)
  region size 1024K, 21 young (21504K), 4 survivors (4096K)
 Metaspace       used 21238K, committed 21504K, reserved 1114112K
  class space    used 2574K, committed 2688K, reserved 1048576K
}
Event: 18.626 GC heap after
{Heap after GC invocations=5 (full 0):
 garbage-first heap   total 61440K, used 17077K [0x00000000c4c00000, 0x0000000100000000)
  region size 1024K, 4 young (4096K), 4 survivors (4096K)
 Metaspace       used 21238K, committed 21504K, reserved 1114112K
  class space    used 2574K, committed 2688K, reserved 1048576K
}
Event: 19.483 GC heap before
{Heap before GC invocations=6 (full 0):
 garbage-first heap   total 58368K, used 44725K [0x00000000c4c00000, 0x0000000100000000)
  region size 1024K, 32 young (32768K), 4 survivors (4096K)
 Metaspace       used 24103K, committed 24384K, reserved 1114112K
  class space    used 2875K, committed 3008K, reserved 1048576K
}
Event: 19.498 GC heap after
{Heap after GC invocations=7 (full 0):
 garbage-first heap   total 58368K, used 19662K [0x00000000c4c00000, 0x0000000100000000)
  region size 1024K, 4 young (4096K), 4 survivors (4096K)
 Metaspace       used 24103K, committed 24384K, reserved 1114112K
  class space    used 2875K, committed 3008K, reserved 1048576K
}
Event: 20.106 GC heap before
{Heap before GC invocations=7 (full 0):
 garbage-first heap   total 58368K, used 45262K [0x00000000c4c00000, 0x0000000100000000)
  region size 1024K, 29 young (29696K), 4 survivors (4096K)
 Metaspace       used 26651K, committed 26944K, reserved 1114112K
  class space    used 3181K, committed 3328K, reserved 1048576K
}
Event: 20.118 GC heap after
{Heap after GC invocations=8 (full 0):
 garbage-first heap   total 58368K, used 21897K [0x00000000c4c00000, 0x0000000100000000)
  region size 1024K, 3 young (3072K), 3 survivors (3072K)
 Metaspace       used 26651K, committed 26944K, reserved 1114112K
  class space    used 3181K, committed 3328K, reserved 1048576K
}
Event: 20.981 GC heap before
{Heap before GC invocations=8 (full 0):
 garbage-first heap   total 58368K, used 46473K [0x00000000c4c00000, 0x0000000100000000)
  region size 1024K, 28 young (28672K), 3 survivors (3072K)
 Metaspace       used 30226K, committed 30720K, reserved 1114112K
  class space    used 3801K, committed 4032K, reserved 1048576K
}
Event: 20.990 GC heap after
{Heap after GC invocations=9 (full 0):
 garbage-first heap   total 58368K, used 23260K [0x00000000c4c00000, 0x0000000100000000)
  region size 1024K, 4 young (4096K), 4 survivors (4096K)
 Metaspace       used 30226K, committed 30720K, reserved 1114112K
  class space    used 3801K, committed 4032K, reserved 1048576K
}
Event: 22.032 GC heap before
{Heap before GC invocations=9 (full 0):
 garbage-first heap   total 58368K, used 48860K [0x00000000c4c00000, 0x0000000100000000)
  region size 1024K, 29 young (29696K), 4 survivors (4096K)
 Metaspace       used 35035K, committed 35520K, reserved 1114112K
  class space    used 4446K, committed 4672K, reserved 1048576K
}
Event: 22.045 GC heap after
{Heap after GC invocations=10 (full 0):
 garbage-first heap   total 58368K, used 25788K [0x00000000c4c00000, 0x0000000100000000)
  region size 1024K, 4 young (4096K), 4 survivors (4096K)
 Metaspace       used 35035K, committed 35520K, reserved 1114112K
  class space    used 4446K, committed 4672K, reserved 1048576K
}
Event: 22.109 GC heap before
{Heap before GC invocations=10 (full 0):
 garbage-first heap   total 58368K, used 26812K [0x00000000c4c00000, 0x0000000100000000)
  region size 1024K, 6 young (6144K), 4 survivors (4096K)
 Metaspace       used 35527K, committed 35968K, reserved 1114112K
  class space    used 4494K, committed 4672K, reserved 1048576K
}
Event: 22.117 GC heap after
{Heap after GC invocations=11 (full 0):
 garbage-first heap   total 58368K, used 27105K [0x00000000c4c00000, 0x0000000100000000)
  region size 1024K, 1 young (1024K), 1 survivors (1024K)
 Metaspace       used 35527K, committed 35968K, reserved 1114112K
  class space    used 4494K, committed 4672K, reserved 1048576K
}

