# JRE version: OpenJDK Runtime Environment Corretto-21.0.5.11.1 (21.0.5+11) (build 21.0.5+11-LTS)
# Java VM: OpenJDK 64-Bit Server VM Corretto-21.0.5.11.1 (21.0.5+11-LTS, mixed mode, sharing, tiered, compressed oops, compressed class ptrs, g1 gc, windows-amd64)
GC Precious Log:
 CardTable entry size: 512
 Card Set container configuration: InlinePtr #cards 5 size 8 Array Of Cards #cards 12 size 40 Howl #buckets 4 coarsen threshold 1843 Howl Bitmap #cards 512 size 80 coarsen threshold 460 Card regions per heap region 1 cards per card region 2048
 CPUs: 4 total, 4 available
 Memory: 3790M
 Large Page Support: Disabled
 NUMA Support: Disabled
 Compressed Oops: Enabled (32-bit)
 Heap Region Size: 1M
 Heap Min Capacity: 8M
 Heap Initial Capacity: 60M
 Heap Max Capacity: 948M
 Pre-touch: Disabled
 Parallel Workers: 4
 Concurrent Workers: 1
 Concurrent Refinement Workers: 4
 Periodic GC: Disabled
Heap:
 garbage-first heap   total 80896K, used 52668K [0x00000000c4c00000, 0x0000000100000000)
  region size 1024K, 6 young (6144K), 3 survivors (3072K)
 Metaspace       used 92975K, committed 93888K, reserved 1179648K
  class space    used 12651K, committed 13056K, reserved 1048576K
GC Heap History (20 events):
Event: 13.076 GC heap before
{Heap before GC invocations=13 (full 0):
 garbage-first heap   total 73728K, used 63039K [0x00000000c4c00000, 0x0000000100000000)
  region size 1024K, 34 young (34816K), 3 survivors (3072K)
 Metaspace       used 57484K, committed 58112K, reserved 1114112K
  class space    used 7453K, committed 7744K, reserved 1048576K
}
Event: 13.083 GC heap after
{Heap after GC invocations=14 (full 0):
 garbage-first heap   total 73728K, used 33613K [0x00000000c4c00000, 0x0000000100000000)
  region size 1024K, 5 young (5120K), 5 survivors (5120K)
 Metaspace       used 57484K, committed 58112K, reserved 1114112K
  class space    used 7453K, committed 7744K, reserved 1048576K
}
Event: 13.621 GC heap before
{Heap before GC invocations=14 (full 0):
 garbage-first heap   total 73728K, used 43853K [0x00000000c4c00000, 0x0000000100000000)
  region size 1024K, 16 young (16384K), 5 survivors (5120K)
 Metaspace       used 59988K, committed 60608K, reserved 1114112K
  class space    used 7809K, committed 8128K, reserved 1048576K
}
Event: 13.630 GC heap after
{Heap after GC invocations=15 (full 0):
 garbage-first heap   total 73728K, used 34827K [0x00000000c4c00000, 0x0000000100000000)
  region size 1024K, 4 young (4096K), 4 survivors (4096K)
 Metaspace       used 59988K, committed 60608K, reserved 1114112K
  class space    used 7809K, committed 8128K, reserved 1048576K
}
Event: 14.569 GC heap before
{Heap before GC invocations=16 (full 0):
 garbage-first heap   total 73728K, used 62475K [0x00000000c4c00000, 0x0000000100000000)
  region size 1024K, 32 young (32768K), 4 survivors (4096K)
 Metaspace       used 67792K, committed 68416K, reserved 1114112K
  class space    used 8983K, committed 9280K, reserved 1048576K
}
Event: 14.575 GC heap after
{Heap after GC invocations=17 (full 0):
 garbage-first heap   total 73728K, used 36301K [0x00000000c4c00000, 0x0000000100000000)
  region size 1024K, 3 young (3072K), 3 survivors (3072K)
 Metaspace       used 67792K, committed 68416K, reserved 1114112K
  class space    used 8983K, committed 9280K, reserved 1048576K
}
Event: 15.601 GC heap before
{Heap before GC invocations=17 (full 0):
 garbage-first heap   total 73728K, used 64973K [0x00000000c4c00000, 0x0000000100000000)
  region size 1024K, 31 young (31744K), 3 survivors (3072K)
 Metaspace       used 74375K, committed 75072K, reserved 1114112K
  class space    used 9865K, committed 10176K, reserved 1048576K
}
Event: 15.611 GC heap after
{Heap after GC invocations=18 (full 0):
 garbage-first heap   total 73728K, used 38179K [0x00000000c4c00000, 0x0000000100000000)
  region size 1024K, 4 young (4096K), 4 survivors (4096K)
 Metaspace       used 74375K, committed 75072K, reserved 1114112K
  class space    used 9865K, committed 10176K, reserved 1048576K
}
Event: 16.336 GC heap before
{Heap before GC invocations=18 (full 0):
 garbage-first heap   total 73728K, used 63779K [0x00000000c4c00000, 0x0000000100000000)
  region size 1024K, 29 young (29696K), 4 survivors (4096K)
 Metaspace       used 79262K, committed 79936K, reserved 1179648K
  class space    used 10770K, committed 11072K, reserved 1048576K
}
Event: 16.344 GC heap after
{Heap after GC invocations=19 (full 0):
 garbage-first heap   total 73728K, used 40927K [0x00000000c4c00000, 0x0000000100000000)
  region size 1024K, 3 young (3072K), 3 survivors (3072K)
 Metaspace       used 79262K, committed 79936K, reserved 1179648K
  class space    used 10770K, committed 11072K, reserved 1048576K
}
Event: 16.970 GC heap before
{Heap before GC invocations=20 (full 0):
 garbage-first heap   total 73728K, used 65503K [0x00000000c4c00000, 0x0000000100000000)
  region size 1024K, 27 young (27648K), 3 survivors (3072K)
 Metaspace       used 82328K, committed 83008K, reserved 1179648K
  class space    used 11214K, committed 11520K, reserved 1048576K
}
Event: 16.978 GC heap after
{Heap after GC invocations=21 (full 0):
 garbage-first heap   total 73728K, used 42879K [0x00000000c4c00000, 0x0000000100000000)
  region size 1024K, 2 young (2048K), 2 survivors (2048K)
 Metaspace       used 82328K, committed 83008K, reserved 1179648K
  class space    used 11214K, committed 11520K, reserved 1048576K
}
Event: 17.553 GC heap before
{Heap before GC invocations=21 (full 0):
 garbage-first heap   total 73728K, used 65407K [0x00000000c4c00000, 0x0000000100000000)
  region size 1024K, 25 young (25600K), 2 survivors (2048K)
 Metaspace       used 85436K, committed 86144K, reserved 1179648K
  class space    used 11663K, committed 11968K, reserved 1048576K
}
Event: 17.560 GC heap after
{Heap after GC invocations=22 (full 0):
 garbage-first heap   total 73728K, used 44807K [0x00000000c4c00000, 0x0000000100000000)
  region size 1024K, 4 young (4096K), 4 survivors (4096K)
 Metaspace       used 85436K, committed 86144K, reserved 1179648K
  class space    used 11663K, committed 11968K, reserved 1048576K
}
Event: 18.106 GC heap before
{Heap before GC invocations=22 (full 0):
 garbage-first heap   total 73728K, used 64263K [0x00000000c4c00000, 0x0000000100000000)
  region size 1024K, 23 young (23552K), 4 survivors (4096K)
 Metaspace       used 88083K, committed 88960K, reserved 1179648K
  class space    used 12017K, committed 12416K, reserved 1048576K
}
Event: 18.117 GC heap after
{Heap after GC invocations=23 (full 0):
 garbage-first heap   total 73728K, used 47139K [0x00000000c4c00000, 0x0000000100000000)
  region size 1024K, 3 young (3072K), 3 survivors (3072K)
 Metaspace       used 88083K, committed 88960K, reserved 1179648K
  class space    used 12017K, committed 12416K, reserved 1048576K
}
Event: 18.752 GC heap before
{Heap before GC invocations=24 (full 0):
 garbage-first heap   total 80896K, used 64547K [0x00000000c4c00000, 0x0000000100000000)
  region size 1024K, 20 young (20480K), 3 survivors (3072K)
 Metaspace       used 89334K, committed 90176K, reserved 1179648K
  class space    used 12209K, committed 12608K, reserved 1048576K
}
Event: 18.757 GC heap after
{Heap after GC invocations=25 (full 0):
 garbage-first heap   total 80896K, used 49661K [0x00000000c4c00000, 0x0000000100000000)
  region size 1024K, 3 young (3072K), 3 survivors (3072K)
 Metaspace       used 89334K, committed 90176K, reserved 1179648K
  class space    used 12209K, committed 12608K, reserved 1048576K
}
Event: 209.373 GC heap before
{Heap before GC invocations=25 (full 0):
 garbage-first heap   total 80896K, used 70141K [0x00000000c4c00000, 0x0000000100000000)
  region size 1024K, 24 young (24576K), 3 survivors (3072K)
 Metaspace       used 92694K, committed 93504K, reserved 1179648K
  class space    used 12628K, committed 12992K, reserved 1048576K
}
Event: 209.645 GC heap after
{Heap after GC invocations=26 (full 0):
 garbage-first heap   total 80896K, used 50620K [0x00000000c4c00000, 0x0000000100000000)
  region size 1024K, 3 young (3072K), 3 survivors (3072K)
 Metaspace       used 92694K, committed 93504K, reserved 1179648K
  class space    used 12628K, committed 12992K, reserved 1048576K
}

