# JRE version: OpenJDK Runtime Environment Corretto-21.0.5.11.1 (21.0.5+11) (build 21.0.5+11-LTS)
# Java VM: OpenJDK 64-Bit Server VM Corretto-21.0.5.11.1 (21.0.5+11-LTS, mixed mode, sharing, tiered, compressed oops, compressed class ptrs, g1 gc, windows-amd64)
GC Precious Log:
 CardTable entry size: 512
 Card Set container configuration: InlinePtr #cards 5 size 8 Array Of Cards #cards 12 size 40 Howl #buckets 4 coarsen threshold 1843 Howl Bitmap #cards 512 size 80 coarsen threshold 460 Card regions per heap region 1 cards per card region 2048
 CPUs: 4 total, 4 available
 Memory: 3790M
 Large Page Support: Disabled
 NUMA Support: Disabled
 Compressed Oops: Enabled (32-bit)
 Heap Region Size: 1M
 Heap Min Capacity: 8M
 Heap Initial Capacity: 60M
 Heap Max Capacity: 948M
 Pre-touch: Disabled
 Parallel Workers: 4
 Concurrent Workers: 1
 Concurrent Refinement Workers: 4
 Periodic GC: Disabled
Heap:
 garbage-first heap   total 121856K, used 84977K [0x00000000c4c00000, 0x0000000100000000)
  region size 1024K, 19 young (19456K), 3 survivors (3072K)
 Metaspace       used 31235K, committed 31680K, reserved 1114112K
  class space    used 3448K, committed 3648K, reserved 1048576K
GC Heap History (20 events):
Event: 39.943 GC heap before
{Heap before GC invocations=15 (full 0):
 garbage-first heap   total 73728K, used 57785K [0x00000000c4c00000, 0x0000000100000000)
  region size 1024K, 15 young (15360K), 3 survivors (3072K)
 Metaspace       used 27075K, committed 27456K, reserved 1114112K
  class space    used 2963K, committed 3136K, reserved 1048576K
}
Event: 39.950 GC heap after
{Heap after GC invocations=16 (full 0):
 garbage-first heap   total 73728K, used 49664K [0x00000000c4c00000, 0x0000000100000000)
  region size 1024K, 2 young (2048K), 2 survivors (2048K)
 Metaspace       used 27075K, committed 27456K, reserved 1114112K
  class space    used 2963K, committed 3136K, reserved 1048576K
}
Event: 40.651 GC heap before
{Heap before GC invocations=17 (full 0):
 garbage-first heap   total 80896K, used 59904K [0x00000000c4c00000, 0x0000000100000000)
  region size 1024K, 13 young (13312K), 2 survivors (2048K)
 Metaspace       used 27085K, committed 27456K, reserved 1114112K
  class space    used 2963K, committed 3136K, reserved 1048576K
}
Event: 40.659 GC heap after
{Heap after GC invocations=18 (full 0):
 garbage-first heap   total 80896K, used 51683K [0x00000000c4c00000, 0x0000000100000000)
  region size 1024K, 2 young (2048K), 2 survivors (2048K)
 Metaspace       used 27085K, committed 27456K, reserved 1114112K
  class space    used 2963K, committed 3136K, reserved 1048576K
}
Event: 42.128 GC heap before
{Heap before GC invocations=18 (full 0):
 garbage-first heap   total 80896K, used 63971K [0x00000000c4c00000, 0x0000000100000000)
  region size 1024K, 15 young (15360K), 2 survivors (2048K)
 Metaspace       used 27541K, committed 27904K, reserved 1114112K
  class space    used 3023K, committed 3200K, reserved 1048576K
}
Event: 42.144 GC heap after
{Heap after GC invocations=19 (full 0):
 garbage-first heap   total 80896K, used 55088K [0x00000000c4c00000, 0x0000000100000000)
  region size 1024K, 2 young (2048K), 2 survivors (2048K)
 Metaspace       used 27541K, committed 27904K, reserved 1114112K
  class space    used 3023K, committed 3200K, reserved 1048576K
}
Event: 43.787 GC heap before
{Heap before GC invocations=19 (full 0):
 garbage-first heap   total 80896K, used 67376K [0x00000000c4c00000, 0x0000000100000000)
  region size 1024K, 14 young (14336K), 2 survivors (2048K)
 Metaspace       used 28181K, committed 28544K, reserved 1114112K
  class space    used 3073K, committed 3200K, reserved 1048576K
}
Event: 43.820 GC heap after
{Heap after GC invocations=20 (full 0):
 garbage-first heap   total 80896K, used 57344K [0x00000000c4c00000, 0x0000000100000000)
  region size 1024K, 2 young (2048K), 2 survivors (2048K)
 Metaspace       used 28181K, committed 28544K, reserved 1114112K
  class space    used 3073K, committed 3200K, reserved 1048576K
}
Event: 45.855 GC heap before
{Heap before GC invocations=21 (full 0):
 garbage-first heap   total 96256K, used 68608K [0x00000000c4c00000, 0x0000000100000000)
  region size 1024K, 14 young (14336K), 2 survivors (2048K)
 Metaspace       used 28774K, committed 29120K, reserved 1114112K
  class space    used 3147K, committed 3264K, reserved 1048576K
}
Event: 45.877 GC heap after
{Heap after GC invocations=22 (full 0):
 garbage-first heap   total 96256K, used 58397K [0x00000000c4c00000, 0x0000000100000000)
  region size 1024K, 1 young (1024K), 1 survivors (1024K)
 Metaspace       used 28774K, committed 29120K, reserved 1114112K
  class space    used 3147K, committed 3264K, reserved 1048576K
}
Event: 47.397 GC heap before
{Heap before GC invocations=22 (full 0):
 garbage-first heap   total 96256K, used 77853K [0x00000000c4c00000, 0x0000000100000000)
  region size 1024K, 21 young (21504K), 1 survivors (1024K)
 Metaspace       used 30699K, committed 31104K, reserved 1114112K
  class space    used 3391K, committed 3584K, reserved 1048576K
}
Event: 47.405 GC heap after
{Heap after GC invocations=23 (full 0):
 garbage-first heap   total 96256K, used 58566K [0x00000000c4c00000, 0x0000000100000000)
  region size 1024K, 2 young (2048K), 2 survivors (2048K)
 Metaspace       used 30699K, committed 31104K, reserved 1114112K
  class space    used 3391K, committed 3584K, reserved 1048576K
}
Event: 49.959 GC heap before
{Heap before GC invocations=23 (full 0):
 garbage-first heap   total 96256K, used 69830K [0x00000000c4c00000, 0x0000000100000000)
  region size 1024K, 15 young (15360K), 2 survivors (2048K)
 Metaspace       used 31151K, committed 31552K, reserved 1114112K
  class space    used 3447K, committed 3648K, reserved 1048576K
}
Event: 49.965 GC heap after
{Heap after GC invocations=24 (full 0):
 garbage-first heap   total 96256K, used 58204K [0x00000000c4c00000, 0x0000000100000000)
  region size 1024K, 2 young (2048K), 2 survivors (2048K)
 Metaspace       used 31151K, committed 31552K, reserved 1114112K
  class space    used 3447K, committed 3648K, reserved 1048576K
}
Event: 51.417 GC heap before
{Heap before GC invocations=25 (full 0):
 garbage-first heap   total 97280K, used 86876K [0x00000000c4c00000, 0x0000000100000000)
  region size 1024K, 25 young (25600K), 2 survivors (2048K)
 Metaspace       used 31197K, committed 31680K, reserved 1114112K
  class space    used 3448K, committed 3648K, reserved 1048576K
}
Event: 51.439 GC heap after
{Heap after GC invocations=26 (full 0):
 garbage-first heap   total 101376K, used 72245K [0x00000000c4c00000, 0x0000000100000000)
  region size 1024K, 4 young (4096K), 4 survivors (4096K)
 Metaspace       used 31197K, committed 31680K, reserved 1114112K
  class space    used 3448K, committed 3648K, reserved 1048576K
}
Event: 51.888 GC heap before
{Heap before GC invocations=26 (full 0):
 garbage-first heap   total 101376K, used 85557K [0x00000000c4c00000, 0x0000000100000000)
  region size 1024K, 17 young (17408K), 4 survivors (4096K)
 Metaspace       used 31199K, committed 31680K, reserved 1114112K
  class space    used 3448K, committed 3648K, reserved 1048576K
}
Event: 51.909 GC heap after
{Heap after GC invocations=27 (full 0):
 garbage-first heap   total 101376K, used 67584K [0x00000000c4c00000, 0x0000000100000000)
  region size 1024K, 3 young (3072K), 3 survivors (3072K)
 Metaspace       used 31199K, committed 31680K, reserved 1114112K
  class space    used 3448K, committed 3648K, reserved 1048576K
}
Event: 52.679 GC heap before
{Heap before GC invocations=27 (full 0):
 garbage-first heap   total 101376K, used 86016K [0x00000000c4c00000, 0x0000000100000000)
  region size 1024K, 20 young (20480K), 3 survivors (3072K)
 Metaspace       used 31235K, committed 31680K, reserved 1114112K
  class space    used 3448K, committed 3648K, reserved 1048576K
}
Event: 52.698 GC heap after
{Heap after GC invocations=28 (full 0):
 garbage-first heap   total 121856K, used 69617K [0x00000000c4c00000, 0x0000000100000000)
  region size 1024K, 3 young (3072K), 3 survivors (3072K)
 Metaspace       used 31235K, committed 31680K, reserved 1114112K
  class space    used 3448K, committed 3648K, reserved 1048576K
}

